0 info it worked if it ends with ok
1 verbose cli [ '/usr/local/bin/node',
1 verbose cli   '/usr/local/bin/npm',
1 verbose cli   'run',
1 verbose cli   'eyes-multi' ]
2 info using npm@3.10.8
3 info using node@v6.9.1
4 verbose run-script [ 'preeyes-multi', 'eyes-multi', 'posteyes-multi' ]
5 info lifecycle cucumber-boilerplate@1.0.0~preeyes-multi: cucumber-boilerplate@1.0.0
6 silly lifecycle cucumber-boilerplate@1.0.0~preeyes-multi: no script for preeyes-multi, continuing
7 info lifecycle cucumber-boilerplate@1.0.0~eyes-multi: cucumber-boilerplate@1.0.0
8 verbose lifecycle cucumber-boilerplate@1.0.0~eyes-multi: unsafe-perm in lifecycle true
9 verbose lifecycle cucumber-boilerplate@1.0.0~eyes-multi: PATH: /usr/local/lib/node_modules/npm/bin/node-gyp-bin:/Users/liranbarokas/Desktop/KanakCase/node_modules/.bin:/Users/liranbarokas/.rvm/gems/ruby-2.3.0/bin:/Users/liranbarokas/.rvm/gems/ruby-2.3.0@global/bin:/Users/liranbarokas/.rvm/rubies/ruby-2.3.0/bin:/Users/liranbarokas/.bin:/usr/local/bin:/usr/bin:/bin:/usr/sbin:/sbin:/Users/liranbarokas/.rvm/bin
10 verbose lifecycle cucumber-boilerplate@1.0.0~eyes-multi: CWD: /Users/liranbarokas/Desktop/KanakCase
11 silly lifecycle cucumber-boilerplate@1.0.0~eyes-multi: Args: [ '-c',
11 silly lifecycle   './wdio --spec test/features/eyes_regression_multi.feature wdio-eyes.multi.stage.conf.js' ]
12 silly lifecycle cucumber-boilerplate@1.0.0~eyes-multi: Returned: code: 1  signal: null
13 info lifecycle cucumber-boilerplate@1.0.0~eyes-multi: Failed to exec eyes-multi script
14 verbose stack Error: cucumber-boilerplate@1.0.0 eyes-multi: `./wdio --spec test/features/eyes_regression_multi.feature wdio-eyes.multi.stage.conf.js`
14 verbose stack Exit status 1
14 verbose stack     at EventEmitter.<anonymous> (/usr/local/lib/node_modules/npm/lib/utils/lifecycle.js:255:16)
14 verbose stack     at emitTwo (events.js:106:13)
14 verbose stack     at EventEmitter.emit (events.js:191:7)
14 verbose stack     at ChildProcess.<anonymous> (/usr/local/lib/node_modules/npm/lib/utils/spawn.js:40:14)
14 verbose stack     at emitTwo (events.js:106:13)
14 verbose stack     at ChildProcess.emit (events.js:191:7)
14 verbose stack     at maybeClose (internal/child_process.js:877:16)
14 verbose stack     at Process.ChildProcess._handle.onexit (internal/child_process.js:226:5)
15 verbose pkgid cucumber-boilerplate@1.0.0
16 verbose cwd /Users/liranbarokas/Desktop/KanakCase
17 error Darwin 15.6.0
18 error argv "/usr/local/bin/node" "/usr/local/bin/npm" "run" "eyes-multi"
19 error node v6.9.1
20 error npm  v3.10.8
21 error code ELIFECYCLE
22 error cucumber-boilerplate@1.0.0 eyes-multi: `./wdio --spec test/features/eyes_regression_multi.feature wdio-eyes.multi.stage.conf.js`
22 error Exit status 1
23 error Failed at the cucumber-boilerplate@1.0.0 eyes-multi script './wdio --spec test/features/eyes_regression_multi.feature wdio-eyes.multi.stage.conf.js'.
23 error Make sure you have the latest version of node.js and npm installed.
23 error If you do, this is most likely a problem with the cucumber-boilerplate package,
23 error not with npm itself.
23 error Tell the author that this fails on your system:
23 error     ./wdio --spec test/features/eyes_regression_multi.feature wdio-eyes.multi.stage.conf.js
23 error You can get information on how to open an issue for this project with:
23 error     npm bugs cucumber-boilerplate
23 error Or if that isn't available, you can get their info via:
23 error     npm owner ls cucumber-boilerplate
23 error There is likely additional logging output above.
24 verbose exit [ 1, true ]
